{"name": "test_create_kit_empty_name_get_error_response", "status": "failed", "statusDetails": {"message": "AssertionError: assert 201 == 400\n +  where 201 = <Response [201]>.status_code", "trace": "@allure.step(\"Параметр name состоит из пустой строки\")\n    def test_create_kit_empty_name_get_error_response():\n        with allure.step(\"Оставляем параметр name пустым\"):\n            kit_body = get_kit_body(\"\")\n>           negative_assert_code_400(kit_body)\n\ncreate_kit_name_kit_test.py:107: \n_ _ _ _ _ _ _ _ _ _ _ _ _ _ _ _ _ _ _ _ _ _ _ _ _ _ _ _ _ _ _ _ _ _ _ _ _ _ _ _\n\nkit_body = {'name': ''}\n\n    def negative_assert_code_400(kit_body):\n        #kit_body = get_kit_body(name)\n        response = sender_stand_request.post_new_client_kit(kit_body, data.auth_token)\n>       assert response.status_code == 400\nE       assert 201 == 400\nE        +  where 201 = <Response [201]>.status_code\n\ncreate_kit_name_kit_test.py:87: AssertionError"}, "steps": [{"name": "Параметр name состоит из пустой строки", "status": "failed", "statusDetails": {"message": "AssertionError: assert 201 == 400\n +  where 201 = <Response [201]>.status_code\n", "trace": "  File \"C:\\Users\\monak\\AppData\\Local\\Programs\\Python\\Python39\\lib\\site-packages\\allure_commons\\_allure.py\", line 192, in impl\n    return func(*a, **kw)\n  File \"C:\\Users\\monak\\PycharmProjects\\Create_new_productList\\create_kit_name_kit_test.py\", line 107, in test_create_kit_empty_name_get_error_response\n    negative_assert_code_400(kit_body)\n  File \"C:\\Users\\monak\\PycharmProjects\\Create_new_productList\\create_kit_name_kit_test.py\", line 87, in negative_assert_code_400\n    assert response.status_code == 400\n"}, "steps": [{"name": "Оставляем параметр name пустым", "status": "failed", "statusDetails": {"message": "AssertionError: assert 201 == 400\n +  where 201 = <Response [201]>.status_code\n", "trace": "  File \"C:\\Users\\monak\\PycharmProjects\\Create_new_productList\\create_kit_name_kit_test.py\", line 107, in test_create_kit_empty_name_get_error_response\n    negative_assert_code_400(kit_body)\n  File \"C:\\Users\\monak\\PycharmProjects\\Create_new_productList\\create_kit_name_kit_test.py\", line 87, in negative_assert_code_400\n    assert response.status_code == 400\n"}, "start": 1696340526414, "stop": 1696340526710}], "start": 1696340526414, "stop": 1696340526711}], "start": 1696340526414, "stop": 1696340526712, "uuid": "33189997-2063-4576-8612-ace1ce1a620c", "historyId": "870300ca68e3a0c5a6a0671715eabe1c", "testCaseId": "870300ca68e3a0c5a6a0671715eabe1c", "fullName": "create_kit_name_kit_test#test_create_kit_empty_name_get_error_response", "labels": [{"name": "suite", "value": "create_kit_name_kit_test"}, {"name": "host", "value": "MontyPC"}, {"name": "thread", "value": "1736-MainThread"}, {"name": "framework", "value": "pytest"}, {"name": "language", "value": "cpython3"}, {"name": "package", "value": "create_kit_name_kit_test"}]}