{"name": "test_create_kit_no_name_get_error_response", "status": "failed", "statusDetails": {"message": "AssertionError: assert 500 == 400\n +  where 500 = <Response [500]>.status_code", "trace": "@allure.step(\"Параметр name не передан\")\n    def test_create_kit_no_name_get_error_response():\n        kit_body = data.kit_body.copy()\n        with allure.step(\"Удаление параметра name\"):\n            kit_body.pop(\"name\")\n>           negative_assert_code_400(kit_body)\n\ncreate_kit_name_kit_test.py:122: \n_ _ _ _ _ _ _ _ _ _ _ _ _ _ _ _ _ _ _ _ _ _ _ _ _ _ _ _ _ _ _ _ _ _ _ _ _ _ _ _\n\nkit_body = {}\n\n    def negative_assert_code_400(kit_body):\n        #kit_body = get_kit_body(name)\n        response = sender_stand_request.post_new_client_kit(kit_body, data.auth_token)\n>       assert response.status_code == 400\nE       assert 500 == 400\nE        +  where 500 = <Response [500]>.status_code\n\ncreate_kit_name_kit_test.py:87: AssertionError"}, "steps": [{"name": "Параметр name не передан", "status": "failed", "statusDetails": {"message": "AssertionError: assert 500 == 400\n +  where 500 = <Response [500]>.status_code\n", "trace": "  File \"C:\\Users\\monak\\AppData\\Local\\Programs\\Python\\Python39\\lib\\site-packages\\allure_commons\\_allure.py\", line 192, in impl\n    return func(*a, **kw)\n  File \"C:\\Users\\monak\\PycharmProjects\\Create_new_productList\\create_kit_name_kit_test.py\", line 122, in test_create_kit_no_name_get_error_response\n    negative_assert_code_400(kit_body)\n  File \"C:\\Users\\monak\\PycharmProjects\\Create_new_productList\\create_kit_name_kit_test.py\", line 87, in negative_assert_code_400\n    assert response.status_code == 400\n"}, "steps": [{"name": "Удаление параметра name", "status": "failed", "statusDetails": {"message": "AssertionError: assert 500 == 400\n +  where 500 = <Response [500]>.status_code\n", "trace": "  File \"C:\\Users\\monak\\PycharmProjects\\Create_new_productList\\create_kit_name_kit_test.py\", line 122, in test_create_kit_no_name_get_error_response\n    negative_assert_code_400(kit_body)\n  File \"C:\\Users\\monak\\PycharmProjects\\Create_new_productList\\create_kit_name_kit_test.py\", line 87, in negative_assert_code_400\n    assert response.status_code == 400\n"}, "start": 1696340527066, "stop": 1696340527386}], "start": 1696340527066, "stop": 1696340527387}], "start": 1696340527066, "stop": 1696340527387, "uuid": "cd802160-ecbc-4342-a738-d23b65adcdfe", "historyId": "901adb706c4f4fc974e37c5ebb9caca7", "testCaseId": "901adb706c4f4fc974e37c5ebb9caca7", "fullName": "create_kit_name_kit_test#test_create_kit_no_name_get_error_response", "labels": [{"name": "suite", "value": "create_kit_name_kit_test"}, {"name": "host", "value": "MontyPC"}, {"name": "thread", "value": "1736-MainThread"}, {"name": "framework", "value": "pytest"}, {"name": "language", "value": "cpython3"}, {"name": "package", "value": "create_kit_name_kit_test"}]}